<?xml version="1.0" encoding="UTF-8"?>
<testsuite xmlns:xsi="http://www.w3.org/2001/XMLSchema-instance" xsi:noNamespaceSchemaLocation="https://maven.apache.org/surefire/maven-surefire-plugin/xsd/surefire-test-report-3.0.xsd" version="3.0" name="com.schroeder.photosync.PhotosyncApplicationTests" time="7.372" tests="1" errors="0" skipped="0" failures="0">
  <properties>
[...]
</properties>
  <testcase name="contextLoads" classname="com.schroeder.photosync.PhotosyncApplicationTests" time="2.273">
    <system-out><![CDATA[14:07:18.846 [main] INFO org.springframework.test.context.support.AnnotationConfigContextLoaderUtils -- Could not detect default configuration classes for test class [com.schroeder.photosync.PhotosyncApplicationTests]: PhotosyncApplicationTests does not declare any static, non-private, non-final, nested classes annotated with @Configuration.
14:07:19.118 [main] INFO org.springframework.boot.test.context.SpringBootTestContextBootstrapper -- Found @SpringBootConfiguration com.schroeder.photosync.PhotosyncApplication for test class com.schroeder.photosync.PhotosyncApplicationTests

  .   ____          _            __ _ _
 /\\ / ___'_ __ _ _(_)_ __  __ _ \ \ \ \
( ( )\___ | '_ | '_| | '_ \/ _` | \ \ \ \
 \\/  ___)| |_)| | | | | || (_| |  ) ) ) )
  '  |____| .__|_| |_|_| |_\__, | / / / /
 =========|_|==============|___/=/_/_/_/
 :: Spring Boot ::                (v3.1.0)

2023-07-31T14:07:20.216-05:00  INFO 12728 --- [           main] c.s.photosync.PhotosyncApplicationTests  : Starting PhotosyncApplicationTests using Java 17.0.8 with PID 12728 (started by cnedj in C:\Snapshotviews\photosync)
2023-07-31T14:07:20.219-05:00  INFO 12728 --- [           main] c.s.photosync.PhotosyncApplicationTests  : No active profile set, falling back to 1 default profile: "default"
2023-07-31T14:07:23.535-05:00  INFO 12728 --- [           main] c.s.photosync.PhotosyncApplicationTests  : Started PhotosyncApplicationTests in 3.968 seconds (process running for 6.316)
]]></system-out>
  </testcase>
</testsuite>